<?xml version="1.0" encoding="UTF-8"?>
<testsuite xmlns:xsi="http://www.w3.org/2001/XMLSchema-instance" xsi:noNamespaceSchemaLocation="https://maven.apache.org/surefire/maven-surefire-plugin/xsd/surefire-test-report-3.0.xsd" version="3.0" name="org.openapitools.OpenApiGeneratorApplicationTests" time="4.356" tests="1" errors="0" skipped="0" failures="0">
  <properties>
[...]
</properties>
  <testcase name="contextLoads" classname="org.openapitools.OpenApiGeneratorApplicationTests" time="1.082">
    <system-out><![CDATA[22:48:35.486 [main] INFO org.springframework.test.context.support.AnnotationConfigContextLoaderUtils -- Could not detect default configuration classes for test class [org.openapitools.OpenApiGeneratorApplicationTests]: OpenApiGeneratorApplicationTests does not declare any static, non-private, non-final, nested classes annotated with @Configuration.
22:48:35.616 [main] INFO org.springframework.boot.test.context.SpringBootTestContextBootstrapper -- Found @SpringBootConfiguration org.openapitools.OpenApiGeneratorApplication for test class org.openapitools.OpenApiGeneratorApplicationTests

  .   ____          _            __ _ _
 /\\ / ___'_ __ _ _(_)_ __  __ _ \ \ \ \
( ( )\___ | '_ | '_| | '_ \/ _` | \ \ \ \
 \\/  ___)| |_)| | | | | || (_| |  ) ) ) )
  '  |____| .__|_| |_|_| |_\__, | / / / /
 =========|_|==============|___/=/_/_/_/
 :: Spring Boot ::                (v3.1.3)

2025-01-11T22:48:36.086-05:00  INFO 57558 --- [           main] o.o.OpenApiGeneratorApplicationTests     : Starting OpenApiGeneratorApplicationTests using Java 17.0.8 with PID 57558 (started by root in /Users/sujaydutta/code/api-first/spring-boot-server)
2025-01-11T22:48:36.088-05:00  INFO 57558 --- [           main] o.o.OpenApiGeneratorApplicationTests     : No active profile set, falling back to 1 default profile: "default"
2025-01-11T22:48:38.506-05:00  INFO 57558 --- [           main] o.o.OpenApiGeneratorApplicationTests     : Started OpenApiGeneratorApplicationTests in 2.766 seconds (process running for 4.131)
]]></system-out>
  </testcase>
</testsuite>